[35m[1mScanning dependencies of target _practica1_generate_messages_check_deps_Obstaculo[0m
[35m[1mScanning dependencies of target std_msgs_generate_messages_nodejs[0m
[35m[1mScanning dependencies of target geometry_msgs_generate_messages_lisp[0m
[35m[1mScanning dependencies of target std_msgs_generate_messages_py[0m
[35m[1mScanning dependencies of target std_msgs_generate_messages_eus[0m
[35m[1mScanning dependencies of target geometry_msgs_generate_messages_cpp[0m
[35m[1mScanning dependencies of target geometry_msgs_generate_messages_py[0m
[35m[1mScanning dependencies of target std_msgs_generate_messages_cpp[0m
[35m[1mScanning dependencies of target geometry_msgs_generate_messages_nodejs[0m
[35m[1mScanning dependencies of target std_msgs_generate_messages_lisp[0m
[35m[1mScanning dependencies of target geometry_msgs_generate_messages_eus[0m
[  0%] Built target std_msgs_generate_messages_py
[  0%] Built target std_msgs_generate_messages_nodejs
[  0%] Built target std_msgs_generate_messages_eus
[  0%] Built target geometry_msgs_generate_messages_lisp
[  0%] Built target geometry_msgs_generate_messages_eus
[  0%] Built target geometry_msgs_generate_messages_py
[  0%] Built target geometry_msgs_generate_messages_cpp
[  0%] Built target std_msgs_generate_messages_cpp
[  0%] Built target geometry_msgs_generate_messages_nodejs
[  0%] Built target std_msgs_generate_messages_lisp
[  0%] Built target _practica1_generate_messages_check_deps_Obstaculo
[35m[1mScanning dependencies of target practica1_generate_messages_lisp[0m
[35m[1mScanning dependencies of target practica1_generate_messages_eus[0m
[35m[1mScanning dependencies of target practica1_generate_messages_cpp[0m
[35m[1mScanning dependencies of target practica1_generate_messages_py[0m
[35m[1mScanning dependencies of target practica1_generate_messages_nodejs[0m
[ 85%] [34m[1mGenerating Lisp code from practica1/Obstaculo.msg[0m
[ 85%] [34m[1mGenerating EusLisp code from practica1/Obstaculo.msg[0m
[ 85%] [34m[1mGenerating C++ code from practica1/Obstaculo.msg[0m
[ 85%] [34m[1mGenerating Javascript code from practica1/Obstaculo.msg[0m
[ 85%] [34m[1mGenerating Python from MSG practica1/Obstaculo[0m
[ 85%] [34m[1mGenerating EusLisp manifest code for practica1[0m
[ 85%] Built target practica1_generate_messages_lisp
[ 85%] Built target practica1_generate_messages_nodejs
[ 85%] Built target practica1_generate_messages_cpp
[100%] [34m[1mGenerating Python msg __init__.py for practica1[0m
[100%] Built target practica1_generate_messages_eus
[100%] Built target practica1_generate_messages_py
[35m[1mScanning dependencies of target practica1_generate_messages[0m
[100%] Built target practica1_generate_messages
